project_2006/android/app/build/intermediates/manifest_merge_blame_file/prdRelease/manifest-merger-blame-prd-release-report.txt
1<?xml version="1.0" encoding="utf-8"?>
2<manifest xmlns:android="http://schemas.android.com/apk/res/android"
3    package="com.hodoolabs.hodoomembers"
4    android:versionCode="12"
5    android:versionName="1.2.9" >
6
7    <uses-sdk
8        android:minSdkVersion="16"
8-->src/main/AndroidManifest.xml
9        android:targetSdkVersion="29" />
9-->src/main/AndroidManifest.xml
10
11    <uses-permission android:name="android.permission.INTERNET" />
11-->src/main/AndroidManifest.xml:5:5-67
11-->src/main/AndroidManifest.xml:5:22-64
12    <uses-permission android:name="android.permission.RECEIVE_BOOT_COMPLETED" />
12-->src/main/AndroidManifest.xml:6:5-81
12-->src/main/AndroidManifest.xml:6:22-78
13    <uses-permission android:name="android.permission.VIBRATE" />
13-->src/main/AndroidManifest.xml:7:5-66
13-->src/main/AndroidManifest.xml:7:22-63
14    <uses-permission android:name="android.permission.WAKE_LOCK" />
14-->[:react-native-firebase] AndroidManifest.xml:12:5-68
14-->[:react-native-firebase] AndroidManifest.xml:12:22-65
15    <uses-permission android:name="android.permission.ACCESS_NETWORK_STATE" />
15-->[:react-native-firebase] AndroidManifest.xml:13:5-79
15-->[:react-native-firebase] AndroidManifest.xml:13:22-76
16    <uses-permission android:name="android.permission.WRITE_EXTERNAL_STORAGE" /> <!-- Required to access Google Play Licensing -->
16-->[:react-native-share] AndroidManifest.xml:9:5-81
16-->[:react-native-share] AndroidManifest.xml:9:22-78
17    <uses-permission android:name="com.android.vending.CHECK_LICENSE" /> <!-- Required to check whether Wi-Fi is enabled -->
17-->[:rn-fetch-blob] AndroidManifest.xml:12:5-73
17-->[:rn-fetch-blob] AndroidManifest.xml:12:22-70
18    <uses-permission android:name="android.permission.ACCESS_WIFI_STATE" /> <!-- Required by older versions of Google Play services to create IID tokens -->
18-->[:rn-fetch-blob] AndroidManifest.xml:30:5-76
18-->[:rn-fetch-blob] AndroidManifest.xml:30:22-73
19    <uses-permission android:name="com.google.android.c2dm.permission.RECEIVE" />
19-->[com.google.firebase:firebase-iid:20.2.1] AndroidManifest.xml:26:5-82
19-->[com.google.firebase:firebase-iid:20.2.1] AndroidManifest.xml:26:22-79
20    <uses-permission android:name="com.google.android.finsky.permission.BIND_GET_INSTALL_REFERRER_SERVICE" />
20-->[com.google.android.gms:play-services-measurement:17.4.3] AndroidManifest.xml:26:5-110
20-->[com.google.android.gms:play-services-measurement:17.4.3] AndroidManifest.xml:26:22-107
21
22    <application
22-->src/main/AndroidManifest.xml:9:5-76:19
23        android:name="com.hodoolabs.hodoomembers.MainApplication"
23-->src/main/AndroidManifest.xml:10:7-38
24        android:allowBackup="false"
24-->src/main/AndroidManifest.xml:14:7-34
25        android:appComponentFactory="androidx.core.app.CoreComponentFactory"
25-->[androidx.core:core:1.2.0] AndroidManifest.xml:24:18-86
26        android:icon="@mipmap/ic_launcher"
26-->src/main/AndroidManifest.xml:12:7-41
27        android:label="@string/app_name"
27-->src/main/AndroidManifest.xml:11:7-39
28        android:roundIcon="@mipmap/ic_launcher_round"
28-->src/main/AndroidManifest.xml:13:7-52
29        android:supportsRtl="true"
29-->[:react-native-seoul-kakao-login] AndroidManifest.xml:15:9-35
30        android:theme="@style/AppTheme" >
30-->src/main/AndroidManifest.xml:16:7-38
31        <meta-data
31-->src/main/AndroidManifest.xml:18:7-19:58
32            android:name="com.kakao.sdk.AppKey"
32-->src/main/AndroidManifest.xml:18:18-53
33            android:value="@string/kakao_app_key" />
33-->src/main/AndroidManifest.xml:19:18-55
34        <meta-data
34-->src/main/AndroidManifest.xml:20:7-21:59
35            android:name="com.facebook.sdk.ApplicationId"
35-->src/main/AndroidManifest.xml:20:18-63
36            android:value="@string/facebook_app_id" />
36-->src/main/AndroidManifest.xml:21:18-57
37
38        <provider
38-->src/main/AndroidManifest.xml:22:9-24:45
39            android:name="com.facebook.FacebookContentProvider"
39-->src/main/AndroidManifest.xml:23:19-70
40            android:authorities="@string/facebook_provider"
40-->src/main/AndroidManifest.xml:22:19-66
41            android:exported="true" />
41-->src/main/AndroidManifest.xml:24:19-42
42
43        <activity
43-->src/main/AndroidManifest.xml:26:7-37:18
44            android:name="com.hodoolabs.hodoomembers.MainActivity"
44-->src/main/AndroidManifest.xml:27:9-37
45            android:configChanges="keyboard|keyboardHidden|orientation|screenSize|uiMode"
45-->src/main/AndroidManifest.xml:29:9-86
46            android:label="@string/app_name"
46-->src/main/AndroidManifest.xml:28:9-41
47            android:launchMode="singleTask"
47-->src/main/AndroidManifest.xml:30:9-40
48            android:screenOrientation="portrait"
48-->src/main/AndroidManifest.xml:31:9-45
49            android:windowSoftInputMode="adjustResize" >
49-->src/main/AndroidManifest.xml:32:9-51
50            <intent-filter>
50-->src/main/AndroidManifest.xml:33:9-36:25
51                <action android:name="android.intent.action.MAIN" />
51-->src/main/AndroidManifest.xml:34:13-65
51-->src/main/AndroidManifest.xml:34:21-62
52
53                <category android:name="android.intent.category.LAUNCHER" />
53-->src/main/AndroidManifest.xml:35:13-73
53-->src/main/AndroidManifest.xml:35:23-70
54            </intent-filter>
55        </activity>
56        <activity android:name="com.hodoolabs.hodoomembers.CustomActivity" >
56-->src/main/AndroidManifest.xml:38:9-43:20
56-->src/main/AndroidManifest.xml:38:19-49
57            <intent-filter>
57-->src/main/AndroidManifest.xml:39:13-42:29
58                <action android:name="chunk" />
58-->src/main/AndroidManifest.xml:40:17-48
58-->src/main/AndroidManifest.xml:40:25-45
59
60                <category android:name="android.intent.category.DEFAULT" />
60-->src/main/AndroidManifest.xml:41:17-76
60-->src/main/AndroidManifest.xml:41:27-73
61            </intent-filter>
62        </activity>
63        <activity android:name="com.facebook.react.devsupport.DevSettingsActivity" />
63-->src/main/AndroidManifest.xml:44:9-86
63-->src/main/AndroidManifest.xml:44:19-83
64
65        <service android:name="io.invertase.firebase.messaging.RNFirebaseMessagingService" >
65-->src/main/AndroidManifest.xml:45:9-49:19
65-->src/main/AndroidManifest.xml:45:18-91
66            <intent-filter>
66-->src/main/AndroidManifest.xml:46:13-48:29
67                <action android:name="com.google.firebase.MESSAGING_EVENT" />
67-->src/main/AndroidManifest.xml:47:17-78
67-->src/main/AndroidManifest.xml:47:25-75
68            </intent-filter>
69        </service>
70        <service android:name="io.invertase.firebase.messaging.RNFirebaseInstanceIdService" >
70-->src/main/AndroidManifest.xml:50:9-54:19
70-->src/main/AndroidManifest.xml:50:18-92
71            <intent-filter>
71-->src/main/AndroidManifest.xml:51:13-53:29
72                <action android:name="com.google.firebase.INSTANCE_ID_EVENT" />
72-->src/main/AndroidManifest.xml:52:17-79
72-->src/main/AndroidManifest.xml:52:25-77
73            </intent-filter>
74        </service>
75        <service android:name="io.invertase.firebase.messaging.RNFirebaseBackgroundMessagingService" />
75-->src/main/AndroidManifest.xml:55:9-104
75-->src/main/AndroidManifest.xml:55:18-101
76
77        <meta-data
77-->src/main/AndroidManifest.xml:56:9-58:64
78            android:name="com.google.firebase.messaging.default_notification_icon"
78-->src/main/AndroidManifest.xml:57:17-87
79            android:resource="@drawable/ic_notification" />
79-->src/main/AndroidManifest.xml:58:17-61
80        <meta-data
80-->src/main/AndroidManifest.xml:59:9-62:51
81            android:name="com.google.firebase.messaging.default_notification_color"
81-->src/main/AndroidManifest.xml:60:17-88
82            android:resource="@color/colorPush" />
82-->src/main/AndroidManifest.xml:61:17-52
83        <meta-data
83-->src/main/AndroidManifest.xml:63:9-65:74
84            android:name="com.google.firebase.messaging.default_notification_channel_id"
84-->src/main/AndroidManifest.xml:64:17-93
85            android:value="@string/default_notification_channel_id" />
85-->src/main/AndroidManifest.xml:65:17-72
86
87        <receiver android:name="io.invertase.firebase.notifications.RNFirebaseNotificationReceiver" />
87-->src/main/AndroidManifest.xml:67:9-102
87-->src/main/AndroidManifest.xml:67:19-100
88        <receiver
88-->src/main/AndroidManifest.xml:68:9-75:20
89            android:name="io.invertase.firebase.notifications.RNFirebaseNotificationsRebootReceiver"
89-->src/main/AndroidManifest.xml:68:67-155
90            android:enabled="true"
90-->src/main/AndroidManifest.xml:68:19-41
91            android:exported="true" >
91-->src/main/AndroidManifest.xml:68:42-65
92            <intent-filter>
92-->src/main/AndroidManifest.xml:69:13-74:29
93                <action android:name="android.intent.action.BOOT_COMPLETED" />
93-->src/main/AndroidManifest.xml:70:17-78
93-->src/main/AndroidManifest.xml:70:25-76
94                <action android:name="android.intent.action.QUICKBOOT_POWERON" />
94-->src/main/AndroidManifest.xml:71:17-81
94-->src/main/AndroidManifest.xml:71:25-79
95                <action android:name="com.htc.intent.action.QUICKBOOT_POWERON" />
95-->src/main/AndroidManifest.xml:72:17-81
95-->src/main/AndroidManifest.xml:72:25-79
96
97                <category android:name="android.intent.category.DEFAULT" />
97-->src/main/AndroidManifest.xml:41:17-76
97-->src/main/AndroidManifest.xml:41:27-73
98            </intent-filter>
99        </receiver>
100
101        <service
101-->[:react-native-firebase] AndroidManifest.xml:16:9-20:19
102            android:name="com.google.firebase.components.ComponentDiscoveryService"
102-->[:react-native-firebase] AndroidManifest.xml:16:18-89
103            android:directBootAware="true"
103-->[com.google.firebase:firebase-common:19.3.0] AndroidManifest.xml:34:13-43
104            android:exported="false" >
104-->[com.google.firebase:firebase-messaging:20.2.1] AndroidManifest.xml:38:13-37
105            <meta-data
105-->[:react-native-firebase] AndroidManifest.xml:17:13-19:85
106                android:name="com.google.firebase.components:io.invertase.firebase.ReactNativeFirebaseAppRegistrar"
106-->[:react-native-firebase] AndroidManifest.xml:18:17-116
107                android:value="com.google.firebase.components.ComponentRegistrar" />
107-->[:react-native-firebase] AndroidManifest.xml:19:17-82
108            <meta-data
108-->[com.google.firebase:firebase-messaging:20.2.1] AndroidManifest.xml:39:13-41:85
109                android:name="com.google.firebase.components:com.google.firebase.messaging.FirebaseMessagingRegistrar"
109-->[com.google.firebase:firebase-messaging:20.2.1] AndroidManifest.xml:40:17-119
110                android:value="com.google.firebase.components.ComponentRegistrar" />
110-->[com.google.firebase:firebase-messaging:20.2.1] AndroidManifest.xml:41:17-82
111            <meta-data
111-->[com.google.firebase:firebase-datatransport:17.0.3] AndroidManifest.xml:28:13-30:85
112                android:name="com.google.firebase.components:com.google.firebase.datatransport.TransportRegistrar"
112-->[com.google.firebase:firebase-datatransport:17.0.3] AndroidManifest.xml:29:17-115
113                android:value="com.google.firebase.components.ComponentRegistrar" />
113-->[com.google.firebase:firebase-datatransport:17.0.3] AndroidManifest.xml:30:17-82
114            <meta-data
114-->[com.google.android.gms:play-services-measurement-api:17.4.3] AndroidManifest.xml:30:13-32:85
115                android:name="com.google.firebase.components:com.google.firebase.analytics.connector.internal.AnalyticsConnectorRegistrar"
115-->[com.google.android.gms:play-services-measurement-api:17.4.3] AndroidManifest.xml:31:17-139
116                android:value="com.google.firebase.components.ComponentRegistrar" />
116-->[com.google.android.gms:play-services-measurement-api:17.4.3] AndroidManifest.xml:32:17-82
117            <meta-data
117-->[com.google.firebase:firebase-iid:20.2.1] AndroidManifest.xml:32:13-34:85
118                android:name="com.google.firebase.components:com.google.firebase.iid.Registrar"
118-->[com.google.firebase:firebase-iid:20.2.1] AndroidManifest.xml:33:17-96
119                android:value="com.google.firebase.components.ComponentRegistrar" />
119-->[com.google.firebase:firebase-iid:20.2.1] AndroidManifest.xml:34:17-82
120            <meta-data
120-->[com.google.firebase:firebase-installations:16.3.2] AndroidManifest.xml:17:13-19:85
121                android:name="com.google.firebase.components:com.google.firebase.installations.FirebaseInstallationsRegistrar"
121-->[com.google.firebase:firebase-installations:16.3.2] AndroidManifest.xml:18:17-127
122                android:value="com.google.firebase.components.ComponentRegistrar" />
122-->[com.google.firebase:firebase-installations:16.3.2] AndroidManifest.xml:19:17-82
123        </service>
124
125        <activity
125-->[:react-native-seoul-naver-login] AndroidManifest.xml:15:9-18:52
126            android:name="com.nhn.android.naverlogin.ui.OAuthLoginInAppBrowserActivity"
126-->[:react-native-seoul-naver-login] AndroidManifest.xml:16:13-88
127            android:configChanges="orientation|screenSize"
127-->[com.naver.nid:naveridlogin-android-sdk:4.2.5] AndroidManifest.xml:22:13-59
128            android:label="OAuth2.0 In-app"
128-->[:react-native-seoul-naver-login] AndroidManifest.xml:17:13-44
129            android:screenOrientation="portrait" /> <!-- 4 -->
129-->[:react-native-seoul-naver-login] AndroidManifest.xml:18:13-49
130        <activity
130-->[:react-native-seoul-kakao-login] AndroidManifest.xml:23:9-28:20
131            android:name="com.kakao.auth.authorization.authcode.KakaoWebViewActivity"
131-->[:react-native-seoul-kakao-login] AndroidManifest.xml:24:13-86
132            android:configChanges="orientation|screenSize"
132-->[com.kakao.sdk:auth:1.27.0] AndroidManifest.xml:14:13-59
133            android:exported="false"
133-->[:react-native-seoul-kakao-login] AndroidManifest.xml:25:13-37
134            android:label="@string/com_kakao_login_button"
134-->[com.kakao.sdk:auth:1.27.0] AndroidManifest.xml:16:13-59
135            android:launchMode="singleTop"
135-->[:react-native-seoul-kakao-login] AndroidManifest.xml:26:13-43
136            android:windowSoftInputMode="adjustResize" >
136-->[:react-native-seoul-kakao-login] AndroidManifest.xml:27:13-55
137        </activity>
138
139        <receiver
139-->[:react-native-device-info] AndroidManifest.xml:13:9-21:20
140            android:name="com.learnium.RNDeviceInfo.RNDeviceReceiver"
140-->[:react-native-device-info] AndroidManifest.xml:14:13-70
141            android:enabled="true"
141-->[:react-native-device-info] AndroidManifest.xml:15:13-35
142            android:exported="true" >
142-->[:react-native-device-info] AndroidManifest.xml:16:13-36
143            <intent-filter>
143-->[:react-native-device-info] AndroidManifest.xml:18:13-20:29
144                <action android:name="com.android.vending.INSTALL_REFERRER" />
144-->[:react-native-device-info] AndroidManifest.xml:19:17-79
144-->[:react-native-device-info] AndroidManifest.xml:19:25-76
145            </intent-filter>
146        </receiver>
147
148        <provider
148-->[:react-native-share] AndroidManifest.xml:12:9-20:20
149            android:name="cl.json.RNShareFileProvider"
149-->[:react-native-share] AndroidManifest.xml:13:13-55
150            android:authorities="com.hodoolabs.hodoomembers.rnshare.fileprovider"
150-->[:react-native-share] AndroidManifest.xml:14:13-72
151            android:exported="false"
151-->[:react-native-share] AndroidManifest.xml:15:13-37
152            android:grantUriPermissions="true" >
152-->[:react-native-share] AndroidManifest.xml:16:13-47
153            <meta-data
153-->[:react-native-share] AndroidManifest.xml:17:13-19:64
154                android:name="android.support.FILE_PROVIDER_PATHS"
154-->[:react-native-share] AndroidManifest.xml:18:17-67
155                android:resource="@xml/share_download_paths" />
155-->[:react-native-share] AndroidManifest.xml:19:17-61
156        </provider>
157        <provider
157-->[:react-native-webview] AndroidManifest.xml:12:9-20:20
158            android:name="com.reactnativecommunity.webview.RNCWebViewFileProvider"
158-->[:react-native-webview] AndroidManifest.xml:13:13-83
159            android:authorities="com.hodoolabs.hodoomembers.fileprovider"
159-->[:react-native-webview] AndroidManifest.xml:14:13-64
160            android:exported="false"
160-->[:react-native-webview] AndroidManifest.xml:15:13-37
161            android:grantUriPermissions="true" >
161-->[:react-native-webview] AndroidManifest.xml:16:13-47
162            <meta-data
162-->[:react-native-share] AndroidManifest.xml:17:13-19:64
163                android:name="android.support.FILE_PROVIDER_PATHS"
163-->[:react-native-share] AndroidManifest.xml:18:17-67
164                android:resource="@xml/file_provider_paths" />
164-->[:react-native-share] AndroidManifest.xml:19:17-61
165        </provider>
166        <provider
166-->[:rn-fetch-blob] AndroidManifest.xml:36:9-44:20
167            android:name="com.RNFetchBlob.Utils.FileProvider"
167-->[:rn-fetch-blob] AndroidManifest.xml:37:13-62
168            android:authorities="com.hodoolabs.hodoomembers.provider"
168-->[:rn-fetch-blob] AndroidManifest.xml:38:13-60
169            android:exported="false"
169-->[:rn-fetch-blob] AndroidManifest.xml:39:13-37
170            android:grantUriPermissions="true" >
170-->[:rn-fetch-blob] AndroidManifest.xml:40:13-47
171            <meta-data
171-->[:react-native-share] AndroidManifest.xml:17:13-19:64
172                android:name="android.support.FILE_PROVIDER_PATHS"
172-->[:react-native-share] AndroidManifest.xml:18:17-67
173                android:resource="@xml/provider_paths" />
173-->[:react-native-share] AndroidManifest.xml:19:17-61
174        </provider>
175
176        <activity
176-->[com.naver.nid:naveridlogin-android-sdk:4.2.5] AndroidManifest.xml:17:9-19:67
177            android:name="com.nhn.android.naverlogin.ui.OAuthLoginActivity"
177-->[com.naver.nid:naveridlogin-android-sdk:4.2.5] AndroidManifest.xml:18:13-76
178            android:theme="@style/Theme.AppCompat.Light.Dialog" />
178-->[com.naver.nid:naveridlogin-android-sdk:4.2.5] AndroidManifest.xml:19:13-64
179        <activity
179-->[com.naver.nid:naveridlogin-android-sdk:4.2.5] AndroidManifest.xml:24:9-40:20
180            android:name="com.nhn.android.naverlogin.ui.OAuthCustomTabActivity"
180-->[com.naver.nid:naveridlogin-android-sdk:4.2.5] AndroidManifest.xml:25:13-80
181            android:configChanges="orientation|screenSize"
181-->[com.naver.nid:naveridlogin-android-sdk:4.2.5] AndroidManifest.xml:26:13-59
182            android:launchMode="singleTask"
182-->[com.naver.nid:naveridlogin-android-sdk:4.2.5] AndroidManifest.xml:27:13-44
183            android:theme="@android:style/Theme.Translucent.NoTitleBar" >
183-->[com.naver.nid:naveridlogin-android-sdk:4.2.5] AndroidManifest.xml:28:13-72
184            <intent-filter>
184-->[com.naver.nid:naveridlogin-android-sdk:4.2.5] AndroidManifest.xml:29:13-39:29
185                <action android:name="android.intent.action.VIEW" />
185-->[com.naver.nid:naveridlogin-android-sdk:4.2.5] AndroidManifest.xml:30:17-69
185-->[com.naver.nid:naveridlogin-android-sdk:4.2.5] AndroidManifest.xml:30:25-66
186
187                <category android:name="android.intent.category.DEFAULT" />
187-->src/main/AndroidManifest.xml:41:17-76
187-->src/main/AndroidManifest.xml:41:27-73
188                <category android:name="android.intent.category.BROWSABLE" />
188-->[com.naver.nid:naveridlogin-android-sdk:4.2.5] AndroidManifest.xml:33:17-78
188-->[com.naver.nid:naveridlogin-android-sdk:4.2.5] AndroidManifest.xml:33:27-75
189                <!-- Intent URL 에서 로그인 액티비티를 실행하기 위해 설정 -->
190                <data
190-->[com.naver.nid:naveridlogin-android-sdk:4.2.5] AndroidManifest.xml:35:17-38:59
191                    android:host="authorize"
191-->[com.naver.nid:naveridlogin-android-sdk:4.2.5] AndroidManifest.xml:36:21-45
192                    android:path="/"
192-->[com.naver.nid:naveridlogin-android-sdk:4.2.5] AndroidManifest.xml:37:21-37
193                    android:scheme="naver3rdpartylogin" />
193-->[com.naver.nid:naveridlogin-android-sdk:4.2.5] AndroidManifest.xml:38:21-56
194            </intent-filter>
195        </activity>
196        <activity
196-->[com.facebook.android:facebook-common:7.1.0] AndroidManifest.xml:30:9-33:66
197            android:name="com.facebook.FacebookActivity"
197-->[com.facebook.android:facebook-common:7.1.0] AndroidManifest.xml:31:13-57
198            android:configChanges="keyboard|keyboardHidden|screenLayout|screenSize|orientation"
198-->[com.facebook.android:facebook-common:7.1.0] AndroidManifest.xml:32:13-96
199            android:theme="@style/com_facebook_activity_theme" />
199-->[com.facebook.android:facebook-common:7.1.0] AndroidManifest.xml:33:13-63
200        <activity android:name="com.facebook.CustomTabMainActivity" />
200-->[com.facebook.android:facebook-common:7.1.0] AndroidManifest.xml:34:9-71
200-->[com.facebook.android:facebook-common:7.1.0] AndroidManifest.xml:34:19-68
201        <activity
201-->[com.facebook.android:facebook-common:7.1.0] AndroidManifest.xml:35:9-49:20
202            android:name="com.facebook.CustomTabActivity"
202-->[com.facebook.android:facebook-common:7.1.0] AndroidManifest.xml:36:13-58
203            android:exported="true" >
203-->[com.facebook.android:facebook-common:7.1.0] AndroidManifest.xml:37:13-36
204            <intent-filter>
204-->[com.facebook.android:facebook-common:7.1.0] AndroidManifest.xml:39:13-48:29
205                <action android:name="android.intent.action.VIEW" />
205-->[com.naver.nid:naveridlogin-android-sdk:4.2.5] AndroidManifest.xml:30:17-69
205-->[com.naver.nid:naveridlogin-android-sdk:4.2.5] AndroidManifest.xml:30:25-66
206
207                <category android:name="android.intent.category.DEFAULT" />
207-->src/main/AndroidManifest.xml:41:17-76
207-->src/main/AndroidManifest.xml:41:27-73
208                <category android:name="android.intent.category.BROWSABLE" />
208-->[com.naver.nid:naveridlogin-android-sdk:4.2.5] AndroidManifest.xml:33:17-78
208-->[com.naver.nid:naveridlogin-android-sdk:4.2.5] AndroidManifest.xml:33:27-75
209
210                <data
210-->[com.naver.nid:naveridlogin-android-sdk:4.2.5] AndroidManifest.xml:35:17-38:59
211                    android:host="cct.com.hodoolabs.hodoomembers"
211-->[com.naver.nid:naveridlogin-android-sdk:4.2.5] AndroidManifest.xml:36:21-45
212                    android:scheme="fbconnect" />
212-->[com.naver.nid:naveridlogin-android-sdk:4.2.5] AndroidManifest.xml:38:21-56
213            </intent-filter>
214        </activity>
215        <!--
216             FirebaseMessagingService performs security checks at runtime,
217             but set to not exported to explicitly avoid allowing another app to call it.
218        -->
219        <service
219-->[com.google.firebase:firebase-messaging:20.2.1] AndroidManifest.xml:28:9-35:19
220            android:name="com.google.firebase.messaging.FirebaseMessagingService"
220-->[com.google.firebase:firebase-messaging:20.2.1] AndroidManifest.xml:29:13-82
221            android:directBootAware="true"
221-->[com.google.firebase:firebase-messaging:20.2.1] AndroidManifest.xml:30:13-43
222            android:exported="false" >
222-->[com.google.firebase:firebase-messaging:20.2.1] AndroidManifest.xml:31:13-37
223            <intent-filter android:priority="-500" >
223-->src/main/AndroidManifest.xml:46:13-48:29
224                <action android:name="com.google.firebase.MESSAGING_EVENT" />
224-->src/main/AndroidManifest.xml:47:17-78
224-->src/main/AndroidManifest.xml:47:25-75
225            </intent-filter>
226        </service>
227
228        <activity
228-->[com.google.android.gms:play-services-auth:17.0.0] AndroidManifest.xml:23:9-27:75
229            android:name="com.google.android.gms.auth.api.signin.internal.SignInHubActivity"
229-->[com.google.android.gms:play-services-auth:17.0.0] AndroidManifest.xml:24:13-93
230            android:excludeFromRecents="true"
230-->[com.google.android.gms:play-services-auth:17.0.0] AndroidManifest.xml:25:13-46
231            android:exported="false"
231-->[com.google.android.gms:play-services-auth:17.0.0] AndroidManifest.xml:26:13-37
232            android:theme="@android:style/Theme.Translucent.NoTitleBar" />
232-->[com.google.android.gms:play-services-auth:17.0.0] AndroidManifest.xml:27:13-72
233        <!--
234            Service handling Google Sign-In user revocation. For apps that do not integrate with
235            Google Sign-In, this service will never be started.
236        -->
237        <service
237-->[com.google.android.gms:play-services-auth:17.0.0] AndroidManifest.xml:33:9-36:110
238            android:name="com.google.android.gms.auth.api.signin.RevocationBoundService"
238-->[com.google.android.gms:play-services-auth:17.0.0] AndroidManifest.xml:34:13-89
239            android:exported="true"
239-->[com.google.android.gms:play-services-auth:17.0.0] AndroidManifest.xml:35:13-36
240            android:permission="com.google.android.gms.auth.api.signin.permission.REVOCATION_NOTIFICATION" />
240-->[com.google.android.gms:play-services-auth:17.0.0] AndroidManifest.xml:36:13-107
241        <service
241-->[com.google.android.datatransport:transport-backend-cct:2.2.0] AndroidManifest.xml:29:9-35:19
242            android:name="com.google.android.datatransport.runtime.backends.TransportBackendDiscovery"
242-->[com.google.android.datatransport:transport-backend-cct:2.2.0] AndroidManifest.xml:30:13-103
243            android:exported="false" >
243-->[com.google.android.datatransport:transport-backend-cct:2.2.0] AndroidManifest.xml:31:13-37
244            <meta-data
244-->[com.google.android.datatransport:transport-backend-cct:2.2.0] AndroidManifest.xml:32:13-34:39
245                android:name="backend:com.google.android.datatransport.cct.CctBackendFactory"
245-->[com.google.android.datatransport:transport-backend-cct:2.2.0] AndroidManifest.xml:33:17-94
246                android:value="cct" />
246-->[com.google.android.datatransport:transport-backend-cct:2.2.0] AndroidManifest.xml:34:17-36
247        </service>
248        <service
248-->[com.google.android.datatransport:transport-runtime:2.2.0] AndroidManifest.xml:26:9-30:19
249            android:name="com.google.android.datatransport.runtime.scheduling.jobscheduling.JobInfoSchedulerService"
249-->[com.google.android.datatransport:transport-runtime:2.2.0] AndroidManifest.xml:27:13-117
250            android:exported="false"
250-->[com.google.android.datatransport:transport-runtime:2.2.0] AndroidManifest.xml:28:13-37
251            android:permission="android.permission.BIND_JOB_SERVICE" >
251-->[com.google.android.datatransport:transport-runtime:2.2.0] AndroidManifest.xml:29:13-69
252        </service>
253
254        <receiver
254-->[com.google.android.datatransport:transport-runtime:2.2.0] AndroidManifest.xml:32:9-34:40
255            android:name="com.google.android.datatransport.runtime.scheduling.jobscheduling.AlarmManagerSchedulerBroadcastReceiver"
255-->[com.google.android.datatransport:transport-runtime:2.2.0] AndroidManifest.xml:33:13-132
256            android:exported="false" />
256-->[com.google.android.datatransport:transport-runtime:2.2.0] AndroidManifest.xml:34:13-37
257
258        <meta-data
258-->[com.github.bumptech.glide:okhttp3-integration:4.11.0] AndroidManifest.xml:11:9-13:43
259            android:name="com.bumptech.glide.integration.okhttp3.OkHttpGlideModule"
259-->[com.github.bumptech.glide:okhttp3-integration:4.11.0] AndroidManifest.xml:12:13-84
260            android:value="GlideModule" />
260-->[com.github.bumptech.glide:okhttp3-integration:4.11.0] AndroidManifest.xml:13:13-40
261
262        <receiver
262-->[com.google.firebase:firebase-iid:20.2.1] AndroidManifest.xml:37:9-44:20
263            android:name="com.google.firebase.iid.FirebaseInstanceIdReceiver"
263-->[com.google.firebase:firebase-iid:20.2.1] AndroidManifest.xml:38:13-78
264            android:exported="true"
264-->[com.google.firebase:firebase-iid:20.2.1] AndroidManifest.xml:39:13-36
265            android:permission="com.google.android.c2dm.permission.SEND" >
265-->[com.google.firebase:firebase-iid:20.2.1] AndroidManifest.xml:40:13-73
266            <intent-filter>
266-->[com.google.firebase:firebase-iid:20.2.1] AndroidManifest.xml:41:13-43:29
267                <action android:name="com.google.android.c2dm.intent.RECEIVE" />
267-->[com.google.firebase:firebase-iid:20.2.1] AndroidManifest.xml:42:17-81
267-->[com.google.firebase:firebase-iid:20.2.1] AndroidManifest.xml:42:25-78
268            </intent-filter>
269        </receiver>
270
271        <provider
271-->[com.google.firebase:firebase-common:19.3.0] AndroidManifest.xml:26:9-30:39
272            android:name="com.google.firebase.provider.FirebaseInitProvider"
272-->[com.google.firebase:firebase-common:19.3.0] AndroidManifest.xml:27:13-77
273            android:authorities="com.hodoolabs.hodoomembers.firebaseinitprovider"
273-->[com.google.firebase:firebase-common:19.3.0] AndroidManifest.xml:28:13-72
274            android:exported="false"
274-->[com.google.firebase:firebase-common:19.3.0] AndroidManifest.xml:29:13-37
275            android:initOrder="100" />
275-->[com.google.firebase:firebase-common:19.3.0] AndroidManifest.xml:30:13-36
276
277        <receiver
277-->[com.google.android.gms:play-services-measurement:17.4.3] AndroidManifest.xml:29:9-33:20
278            android:name="com.google.android.gms.measurement.AppMeasurementReceiver"
278-->[com.google.android.gms:play-services-measurement:17.4.3] AndroidManifest.xml:30:13-85
279            android:enabled="true"